<?xml version="1.0" encoding="UTF-8"?>
<!-- Generated by org.testng.reporters.JUnitReportReporter -->
<testsuite hostname="PWR-Omelchenko" name="tests.LoginTests" tests="2" failures="0" timestamp="19 Oct 2015 04:00:32 GMT" time="25.911" errors="0">
  <testcase name="LoginTestNegative" time="13.828" classname="tests.LoginTests"/>
  <testcase name="LoginTestPositive" time="12.083" classname="tests.LoginTests"/>
</testsuite> <!-- tests.LoginTests -->
