<?xml version="1.0" encoding="UTF-8"?>
<!-- Generated by org.testng.reporters.JUnitReportReporter -->
<testsuite hostname="PWR-Omelchenko" name="Test2" tests="2" failures="0" timestamp="17 Oct 2015 09:16:05 GMT" time="0.002" errors="0">
  <testcase name="T1" time="0.001" classname="Test2"/>
  <testcase name="T2" time="0.001" classname="Test2"/>
</testsuite> <!-- Test2 -->
