<?xml version="1.0" encoding="UTF-8"?>
<!-- Generated by org.testng.reporters.JUnitReportReporter -->
<testsuite hostname="PWR-Omelchenko" name="pac1.Test1" tests="2" failures="0" timestamp="17 Oct 2015 09:16:05 GMT" time="0.030" errors="0">
  <testcase name="T1" time="0.029" classname="pac1.Test1"/>
  <testcase name="T2" time="0.001" classname="pac1.Test1"/>
</testsuite> <!-- pac1.Test1 -->
